<?xml version="1.0" encoding="UTF-8"?>
<!-- Generated by org.testng.reporters.JUnitXMLReporter -->
<testsuite ignored="0" hostname="DESKTOP-BM24KA3" failures="0" tests="2" name="Error Validation Test" time="36.014" errors="0" timestamp="2024-04-24T13:25:33 IST">
  <testcase classname="SeleniumFramework.test.ErrorValidationTest" name="CheckLoginCredentials" time="2.417"/>
  <testcase classname="SeleniumFramework.test.ErrorValidationTest" name="VerifyEditEmployeeDetails" time="7.868"/>
</testsuite> <!-- Error Validation Test -->
