<?xml version="1.0" encoding="UTF-8"?>
<!-- Generated by org.testng.reporters.JUnitXMLReporter -->
<testsuite ignored="0" hostname="DESKTOP-BM24KA3" failures="0" tests="2" name="Error Validation Test" time="31.236" errors="0" timestamp="2024-04-23T18:30:53 IST">
  <testcase classname="SeleniumFramework.test.ErrorValidationTest" name="CheckLoginCredentials" time="2.736"/>
  <testcase classname="SeleniumFramework.test.ErrorValidationTest" name="VerifyEditEmployeeDetails" time="7.519"/>
</testsuite> <!-- Error Validation Test -->
