<?xml version="1.0" encoding="UTF-8"?>
<!-- Generated by org.testng.reporters.JUnitXMLReporter -->
<testsuite ignored="4" hostname="DESKTOP-BM24KA3" failures="0" tests="1" name="Positive Test" time="38.43" errors="0" timestamp="2024-04-24T14:58:42 IST">
  <testcase classname="SeleniumFramework.test.OrangeHRMTest" name="addNewEMP" time="28.222"/>
  <testcase classname="SeleniumFramework.test.OrangeHRMTest" name="CheckLoginCredentials" time="0.0">
    <ignored/>
  </testcase> <!-- CheckLoginCredentials -->
  <testcase classname="SeleniumFramework.test.OrangeHRMTest" name="VerifyTerminateEmp" time="0.0">
    <ignored/>
  </testcase> <!-- VerifyTerminateEmp -->
  <testcase classname="SeleniumFramework.test.OrangeHRMTest" name="VerifyEditEmployeeDetails" time="0.0">
    <ignored/>
  </testcase> <!-- VerifyEditEmployeeDetails -->
  <testcase classname="SeleniumFramework.test.OrangeHRMTest" name="verifyEmployeeLogout" time="0.0">
    <ignored/>
  </testcase> <!-- verifyEmployeeLogout -->
</testsuite> <!-- Positive Test -->
