<?xml version="1.0" encoding="UTF-8"?>
<!-- Generated by org.testng.reporters.JUnitXMLReporter -->
<testsuite ignored="0" hostname="DESKTOP-BM24KA3" failures="1" tests="5" name="Test" time="145.807" errors="0" timestamp="2024-04-23T16:51:01 IST">
  <testcase classname="SeleniumFramework.test.OrangeHRMTest" name="CheckLoginCredentials" time="2.106"/>
  <testcase classname="SeleniumFramework.test.OrangeHRMTest" name="addNewEMP" time="26.773"/>
  <testcase classname="SeleniumFramework.test.OrangeHRMTest" name="VerifyEditEmployeeDetails" time="30.679">
    <failure type="org.openqa.selenium.ElementClickInterceptedException" message="element click intercepted: Element &amp;lt;div data-v-13cf171c=&amp;quot;&amp;quot; class=&amp;quot;oxd-select-wrapper&amp;quot;&amp;gt;...&amp;lt;/div&amp;gt; is not clickable at point (977, 264). Other element would receive the click: &amp;lt;div data-v-d5bfe35b=&amp;quot;&amp;quot; class=&amp;quot;oxd-form-loader&amp;quot;&amp;gt;...&amp;lt;/div&amp;gt;
  (Session info: MicrosoftEdge=124.0.2478.51)
Build info: version: &amp;apos;4.10.0&amp;apos;, revision: &amp;apos;c14d967899&amp;apos;
System info: os.name: &amp;apos;Windows 10&amp;apos;, os.arch: &amp;apos;amd64&amp;apos;, os.version: &amp;apos;10.0&amp;apos;, java.version: &amp;apos;11.0.21&amp;apos;
Driver info: org.openqa.selenium.edge.EdgeDriver
Command: [849893002c07af05f75eba4ff51269aa, clickElement {id=f.5C4F9F92327ABED4B6B9825525298714.d.2A8E8D34A868D50291B72ED8F6AC74D8.e.242}]
Capabilities {acceptInsecureCerts: false, browserName: MicrosoftEdge, browserVersion: 124.0.2478.51, fedcm:accounts: true, ms:edgeOptions: {debuggerAddress: localhost:64828}, msedge: {msedgedriverVersion: 124.0.2478.51 (e23a9b7d0a14..., userDataDir: C:\Users\Nabla\AppData\Loca...}, networkConnectionEnabled: false, pageLoadStrategy: normal, platformName: windows, proxy: Proxy(), se:cdp: ws://localhost:64828/devtoo..., se:cdpVersion: 124.0.2478.51, setWindowRect: true, strictFileInteractability: false, timeouts: {implicit: 0, pageLoad: 300000, script: 30000}, unhandledPromptBehavior: dismiss and notify, webauthn:extension:credBlob: true, webauthn:extension:largeBlob: true, webauthn:extension:minPinLength: true, webauthn:extension:prf: true, webauthn:virtualAuthenticators: true}
Element: [[EdgeDriver: MicrosoftEdge on windows (849893002c07af05f75eba4ff51269aa)] -&amp;gt; xpath: (//div)[54]]
Session ID: 849893002c07af05f75eba4ff51269aa">
      <![CDATA[org.openqa.selenium.ElementClickInterceptedException: element click intercepted: Element <div data-v-13cf171c="" class="oxd-select-wrapper">...</div> is not clickable at point (977, 264). Other element would receive the click: <div data-v-d5bfe35b="" class="oxd-form-loader">...</div>
  (Session info: MicrosoftEdge=124.0.2478.51)
Build info: version: '4.10.0', revision: 'c14d967899'
System info: os.name: 'Windows 10', os.arch: 'amd64', os.version: '10.0', java.version: '11.0.21'
Driver info: org.openqa.selenium.edge.EdgeDriver
Command: [849893002c07af05f75eba4ff51269aa, clickElement {id=f.5C4F9F92327ABED4B6B9825525298714.d.2A8E8D34A868D50291B72ED8F6AC74D8.e.242}]
Capabilities {acceptInsecureCerts: false, browserName: MicrosoftEdge, browserVersion: 124.0.2478.51, fedcm:accounts: true, ms:edgeOptions: {debuggerAddress: localhost:64828}, msedge: {msedgedriverVersion: 124.0.2478.51 (e23a9b7d0a14..., userDataDir: C:\Users\Nabla\AppData\Loca...}, networkConnectionEnabled: false, pageLoadStrategy: normal, platformName: windows, proxy: Proxy(), se:cdp: ws://localhost:64828/devtoo..., se:cdpVersion: 124.0.2478.51, setWindowRect: true, strictFileInteractability: false, timeouts: {implicit: 0, pageLoad: 300000, script: 30000}, unhandledPromptBehavior: dismiss and notify, webauthn:extension:credBlob: true, webauthn:extension:largeBlob: true, webauthn:extension:minPinLength: true, webauthn:extension:prf: true, webauthn:virtualAuthenticators: true}
Element: [[EdgeDriver: MicrosoftEdge on windows (849893002c07af05f75eba4ff51269aa)] -> xpath: (//div)[54]]
Session ID: 849893002c07af05f75eba4ff51269aa
at org.openqa.selenium.remote.codec.w3c.W3CHttpResponseCodec.createException(W3CHttpResponseCodec.java:199)
at org.openqa.selenium.remote.codec.w3c.W3CHttpResponseCodec.decode(W3CHttpResponseCodec.java:132)
at org.openqa.selenium.remote.codec.w3c.W3CHttpResponseCodec.decode(W3CHttpResponseCodec.java:51)
at org.openqa.selenium.remote.HttpCommandExecutor.execute(HttpCommandExecutor.java:191)
at org.openqa.selenium.remote.service.DriverCommandExecutor.invokeExecute(DriverCommandExecutor.java:196)
at org.openqa.selenium.remote.service.DriverCommandExecutor.execute(DriverCommandExecutor.java:171)
at org.openqa.selenium.remote.RemoteWebDriver.execute(RemoteWebDriver.java:531)
at org.openqa.selenium.remote.RemoteWebElement.execute(RemoteWebElement.java:242)
at org.openqa.selenium.remote.RemoteWebElement.click(RemoteWebElement.java:77)
at org.openqa.selenium.support.pagefactory.internal.LocatingElementHandler.invoke(LocatingElementHandler.java:51)
at com.sun.proxy.$Proxy22.click(Unknown Source)
at SeleniumFramework.PageObjectModel.EmployeeList.AddJobDetails(EmployeeList.java:86)
at SeleniumFramework.test.OrangeHRMTest.VerifyEditEmployeeDetails(OrangeHRMTest.java:60)
at java.base/java.util.ArrayList.forEach(ArrayList.java:1541)
... Removed 35 stack frames]]>
    </failure>
  </testcase> <!-- VerifyEditEmployeeDetails -->
  <testcase classname="SeleniumFramework.test.OrangeHRMTest" name="VerifyTerminateEmp" time="33.129"/>
  <testcase classname="SeleniumFramework.test.OrangeHRMTest" name="verifyEmployeeLogout" time="13.945"/>
</testsuite> <!-- Test -->
