<?xml version="1.0" encoding="UTF-8"?>
<testng-results ignored="4" total="5" passed="1" failed="0" skipped="0">
  <reporter-output>
  </reporter-output>
  <suite started-at="2024-04-24T14:58:04 IST" name="TestNgSuite" finished-at="2024-04-24T14:58:42 IST" duration-ms="38430">
    <groups>
      <group name="addingEmployees">
        <method signature="OrangeHRMTest.addNewEMP(java.util.HashMap)[pri:1, instance:SeleniumFramework.test.OrangeHRMTest@7fcbe147]" name="addNewEMP" class="SeleniumFramework.test.OrangeHRMTest"/>
      </group> <!-- addingEmployees -->
    </groups>
    <test started-at="2024-04-24T14:58:04 IST" name="Positive Test" finished-at="2024-04-24T14:58:42 IST" duration-ms="38430">
      <class name="SeleniumFramework.test.OrangeHRMTest">
        <test-method is-config="true" signature="launchApplication()[pri:0, instance:SeleniumFramework.test.OrangeHRMTest@7fcbe147]" started-at="2024-04-24T14:58:04 IST" name="launchApplication" finished-at="2024-04-24T14:58:13 IST" duration-ms="8575" status="PASS">
          <reporter-output>
          </reporter-output>
        </test-method> <!-- launchApplication -->
        <test-method signature="addNewEMP(java.util.HashMap)[pri:1, instance:SeleniumFramework.test.OrangeHRMTest@7fcbe147]" started-at="2024-04-24T14:58:13 IST" name="addNewEMP" data-provider="getData" finished-at="2024-04-24T14:58:41 IST" duration-ms="28222" status="PASS">
          <params>
            <param index="0">
              <value>
                <![CDATA[{lName=B1, empId=12, fName=Shraddha1, mName=J1}]]>
              </value>
            </param>
          </params>
          <reporter-output>
          </reporter-output>
        </test-method> <!-- addNewEMP -->
        <test-method is-config="true" signature="tearDown()[pri:0, instance:SeleniumFramework.test.OrangeHRMTest@7fcbe147]" started-at="2024-04-24T14:58:41 IST" name="tearDown" finished-at="2024-04-24T14:58:42 IST" duration-ms="1331" status="PASS">
          <reporter-output>
          </reporter-output>
        </test-method> <!-- tearDown -->
      </class> <!-- SeleniumFramework.test.OrangeHRMTest -->
    </test> <!-- Positive Test -->
  </suite> <!-- TestNgSuite -->
</testng-results>
